cra354
*   0b44262 merge
|\  
| *   eb020f8 fixed
| |\  
| * | 5e6aa6b branch4
* | |   584c5e8 merge
|\ \ \  
| | |/  
| |/|   
| * |   ddbb9b3 fixed for merge
| |\ \  
| | |/  
| | * aa5891b 2
* | | c3d9bc8 branch3
|/ /  
* | 03c4653  branch2
|/  
* 46e11ec 1

dg3047
*   41d7c3a last merge
|\  
| *   defaf9e fixing merge
| |\  
| * | 269d42a branch3
* | |   0190ee3 fix merge
|\ \ \  
| | |/  
| |/|   
| * |   061922d fixing merge
| |\ \  
| | |/  
| |/|   
| * | 936988a branch1
* | | 758f0a3 branch5
| |/  
|/|   
* | 74562cb branch4
|/  
* c004d07 FIRST

HLN240
*   ba4db8b final merge
|\  
| *   1d6efd7 node 4 and master merge
| |\  
| * | 7a088a8 node4 added tEST
* | |   c75b02f node2 and master merge
|\ \ \  
| | |/  
| |/|   
| * |   355615c update README
| |\ \  
| | |/  
| |/|   
| * | 7dc86b1 2nd commit master
* | | 87fce1a node2 added test2
| |/  
|/|   
* | be3d7b4 1st commit from node1
|/  
* bc7a6dd 1st commit master